

Started GET "/assets/rails.png" for 127.0.0.1 at Fri May 18 23:35:14 -0400 2012
Served asset /rails.png - 304 Not Modified (3ms)


Started GET "/static_pages/home" for 127.0.0.1 at Sat May 19 00:21:41 -0400 2012
Processing by StaticPagesController#home as HTML
  Rendered static_pages/home.html.erb within layouts/application (1.3ms)
Compiled static_pages.css  (4ms)  (pid 20445)
Compiled application.css  (11ms)  (pid 20445)
Compiled jquery.js  (3ms)  (pid 20445)
Compiled jquery_ujs.js  (0ms)  (pid 20445)
Compiled static_pages.js  (536ms)  (pid 20445)
Compiled application.js  (663ms)  (pid 20445)
Completed 200 OK in 710ms (Views: 709.6ms | ActiveRecord: 0.0ms)


Started GET "/assets/static_pages.css?body=1" for 127.0.0.1 at Sat May 19 00:21:41 -0400 2012
Served asset /static_pages.css - 200 OK (3ms)


Started GET "/assets/application.css?body=1" for 127.0.0.1 at Sat May 19 00:21:42 -0400 2012
Served asset /application.css - 304 Not Modified (35ms)


Started GET "/assets/jquery.js?body=1" for 127.0.0.1 at Sat May 19 00:21:42 -0400 2012
Served asset /jquery.js - 304 Not Modified (50ms)


Started GET "/assets/static_pages.js?body=1" for 127.0.0.1 at Sat May 19 00:21:42 -0400 2012
Served asset /static_pages.js - 200 OK (2ms)


Started GET "/assets/jquery_ujs.js?body=1" for 127.0.0.1 at Sat May 19 00:21:42 -0400 2012
Served asset /jquery_ujs.js - 304 Not Modified (3ms)


Started GET "/assets/application.js?body=1" for 127.0.0.1 at Sat May 19 00:21:42 -0400 2012
Served asset /application.js - 304 Not Modified (7ms)


Started GET "/static_pages/home" for 127.0.0.1 at Sat May 19 01:12:59 -0400 2012
Processing by StaticPagesController#home as HTML
  Rendered static_pages/home.html.erb within layouts/application (0.8ms)
Completed 200 OK in 17ms (Views: 17.0ms | ActiveRecord: 0.0ms)


Started GET "/assets/application.css?body=1" for 127.0.0.1 at Sat May 19 01:12:59 -0400 2012
Served asset /application.css - 304 Not Modified (3ms)


Started GET "/assets/static_pages.css?body=1" for 127.0.0.1 at Sat May 19 01:12:59 -0400 2012
Served asset /static_pages.css - 304 Not Modified (3ms)


Started GET "/assets/jquery.js?body=1" for 127.0.0.1 at Sat May 19 01:12:59 -0400 2012
Served asset /jquery.js - 304 Not Modified (4ms)


Started GET "/assets/jquery_ujs.js?body=1" for 127.0.0.1 at Sat May 19 01:13:00 -0400 2012
Served asset /jquery_ujs.js - 304 Not Modified (3ms)


Started GET "/assets/static_pages.js?body=1" for 127.0.0.1 at Sat May 19 01:13:00 -0400 2012
Served asset /static_pages.js - 304 Not Modified (2ms)


Started GET "/assets/application.js?body=1" for 127.0.0.1 at Sat May 19 01:13:00 -0400 2012
Served asset /application.js - 304 Not Modified (77ms)


Started GET "/help.html" for 127.0.0.1 at Sat May 19 01:13:08 -0400 2012

ActionController::RoutingError (No route matches [GET] "/help.html"):
  actionpack (3.2.3) lib/action_dispatch/middleware/debug_exceptions.rb:21:in `call'
  actionpack (3.2.3) lib/action_dispatch/middleware/show_exceptions.rb:56:in `call'
  railties (3.2.3) lib/rails/rack/logger.rb:26:in `call_app'
  railties (3.2.3) lib/rails/rack/logger.rb:16:in `call'
  actionpack (3.2.3) lib/action_dispatch/middleware/request_id.rb:22:in `call'
  rack (1.4.1) lib/rack/methodoverride.rb:21:in `call'
  rack (1.4.1) lib/rack/runtime.rb:17:in `call'
  activesupport (3.2.3) lib/active_support/cache/strategy/local_cache.rb:72:in `call'
  rack (1.4.1) lib/rack/lock.rb:15:in `call'
  actionpack (3.2.3) lib/action_dispatch/middleware/static.rb:62:in `call'
  railties (3.2.3) lib/rails/engine.rb:479:in `call'
  railties (3.2.3) lib/rails/application.rb:220:in `call'
  rack (1.4.1) lib/rack/content_length.rb:14:in `call'
  railties (3.2.3) lib/rails/rack/log_tailer.rb:14:in `call'
  rack (1.4.1) lib/rack/handler/webrick.rb:59:in `service'
  /usr/lib/ruby/1.8/webrick/httpserver.rb:104:in `service'
  /usr/lib/ruby/1.8/webrick/httpserver.rb:65:in `run'
  /usr/lib/ruby/1.8/webrick/server.rb:173:in `start_thread'
  /usr/lib/ruby/1.8/webrick/server.rb:162:in `start'
  /usr/lib/ruby/1.8/webrick/server.rb:162:in `start_thread'
  /usr/lib/ruby/1.8/webrick/server.rb:95:in `start'
  /usr/lib/ruby/1.8/webrick/server.rb:92:in `each'
  /usr/lib/ruby/1.8/webrick/server.rb:92:in `start'
  /usr/lib/ruby/1.8/webrick/server.rb:23:in `start'
  /usr/lib/ruby/1.8/webrick/server.rb:82:in `start'
  rack (1.4.1) lib/rack/handler/webrick.rb:13:in `run'
  rack (1.4.1) lib/rack/server.rb:265:in `start'
  railties (3.2.3) lib/rails/commands/server.rb:70:in `start'
  railties (3.2.3) lib/rails/commands.rb:55
  railties (3.2.3) lib/rails/commands.rb:50:in `tap'
  railties (3.2.3) lib/rails/commands.rb:50
  script/rails:6:in `require'
  script/rails:6


  Rendered /var/lib/gems/1.8/gems/actionpack-3.2.3/lib/action_dispatch/middleware/templates/rescues/routing_error.erb within rescues/layout (0.5ms)


Started GET "/static_pages/home" for 127.0.0.1 at Sat May 19 01:13:20 -0400 2012
Processing by StaticPagesController#home as HTML
  Rendered static_pages/home.html.erb within layouts/application (0.1ms)
Completed 200 OK in 6ms (Views: 5.2ms | ActiveRecord: 0.0ms)


Started GET "/assets/application.css?body=1" for 127.0.0.1 at Sat May 19 01:13:20 -0400 2012
Served asset /application.css - 304 Not Modified (0ms)


Started GET "/assets/static_pages.css?body=1" for 127.0.0.1 at Sat May 19 01:13:20 -0400 2012
Served asset /static_pages.css - 304 Not Modified (0ms)


Started GET "/assets/static_pages.js?body=1" for 127.0.0.1 at Sat May 19 01:13:20 -0400 2012
Served asset /static_pages.js - 304 Not Modified (0ms)


Started GET "/assets/jquery_ujs.js?body=1" for 127.0.0.1 at Sat May 19 01:13:20 -0400 2012
Served asset /jquery_ujs.js - 304 Not Modified (0ms)


Started GET "/assets/application.js?body=1" for 127.0.0.1 at Sat May 19 01:13:20 -0400 2012
Served asset /application.js - 304 Not Modified (0ms)


Started GET "/assets/jquery.js?body=1" for 127.0.0.1 at Sat May 19 01:13:20 -0400 2012
Served asset /jquery.js - 304 Not Modified (0ms)


Started GET "/static_pages/help" for 127.0.0.1 at Sat May 19 01:13:24 -0400 2012
Processing by StaticPagesController#help as HTML
  Rendered static_pages/help.html.erb within layouts/application (0.4ms)
Completed 200 OK in 8ms (Views: 7.3ms | ActiveRecord: 0.0ms)


Started GET "/assets/application.css?body=1" for 127.0.0.1 at Sat May 19 01:13:24 -0400 2012
Served asset /application.css - 304 Not Modified (0ms)


Started GET "/assets/static_pages.css?body=1" for 127.0.0.1 at Sat May 19 01:13:24 -0400 2012
Served asset /static_pages.css - 304 Not Modified (0ms)


Started GET "/assets/static_pages.js?body=1" for 127.0.0.1 at Sat May 19 01:13:24 -0400 2012
Served asset /static_pages.js - 304 Not Modified (0ms)


Started GET "/assets/jquery.js?body=1" for 127.0.0.1 at Sat May 19 01:13:24 -0400 2012
Served asset /jquery.js - 304 Not Modified (0ms)


Started GET "/assets/application.js?body=1" for 127.0.0.1 at Sat May 19 01:13:24 -0400 2012
Served asset /application.js - 304 Not Modified (0ms)


Started GET "/assets/jquery_ujs.js?body=1" for 127.0.0.1 at Sat May 19 01:13:24 -0400 2012
Served asset /jquery_ujs.js - 304 Not Modified (0ms)


Started GET "/static_pages/about" for 127.0.0.1 at Sat May 19 01:13:31 -0400 2012
Processing by StaticPagesController#about as HTML
  Rendered static_pages/about.html.erb within layouts/application (0.4ms)
Completed 200 OK in 6ms (Views: 5.0ms | ActiveRecord: 0.0ms)


Started GET "/assets/application.css?body=1" for 127.0.0.1 at Sat May 19 01:13:31 -0400 2012
Served asset /application.css - 304 Not Modified (0ms)


Started GET "/assets/jquery_ujs.js?body=1" for 127.0.0.1 at Sat May 19 01:13:31 -0400 2012
Served asset /jquery_ujs.js - 304 Not Modified (0ms)


Started GET "/assets/application.js?body=1" for 127.0.0.1 at Sat May 19 01:13:31 -0400 2012
Served asset /application.js - 304 Not Modified (0ms)


Started GET "/assets/static_pages.js?body=1" for 127.0.0.1 at Sat May 19 01:13:31 -0400 2012
Served asset /static_pages.js - 304 Not Modified (0ms)


Started GET "/assets/static_pages.css?body=1" for 127.0.0.1 at Sat May 19 01:13:31 -0400 2012
Served asset /static_pages.css - 304 Not Modified (0ms)


Started GET "/assets/jquery.js?body=1" for 127.0.0.1 at Sat May 19 01:13:31 -0400 2012
Served asset /jquery.js - 304 Not Modified (0ms)


Started GET "/static_pages/home" for 127.0.0.1 at Sat May 19 01:37:07 -0400 2012
Processing by StaticPagesController#home as HTML
  Rendered static_pages/home.html.erb (0.9ms)
Completed 200 OK in 6ms (Views: 5.6ms | ActiveRecord: 0.0ms)


Started GET "/static_pages/home" for 127.0.0.1 at Sat May 19 01:38:31 -0400 2012
Processing by StaticPagesController#home as HTML
  Rendered static_pages/home.html.erb within layouts/application (0.9ms)
Completed 200 OK in 18ms (Views: 17.5ms | ActiveRecord: 0.0ms)


Started GET "/assets/application.css?body=1" for 127.0.0.1 at Sat May 19 01:38:31 -0400 2012
Served asset /application.css - 304 Not Modified (5ms)


Started GET "/assets/static_pages.css?body=1" for 127.0.0.1 at Sat May 19 01:38:31 -0400 2012
Served asset /static_pages.css - 304 Not Modified (1ms)


Started GET "/assets/jquery.js?body=1" for 127.0.0.1 at Sat May 19 01:38:31 -0400 2012
Served asset /jquery.js - 304 Not Modified (3ms)


Started GET "/assets/jquery_ujs.js?body=1" for 127.0.0.1 at Sat May 19 01:38:32 -0400 2012
Served asset /jquery_ujs.js - 304 Not Modified (3ms)


Started GET "/assets/static_pages.js?body=1" for 127.0.0.1 at Sat May 19 01:38:32 -0400 2012
Served asset /static_pages.js - 304 Not Modified (2ms)


Started GET "/assets/application.js?body=1" for 127.0.0.1 at Sat May 19 01:38:32 -0400 2012
Served asset /application.js - 304 Not Modified (60ms)
